<?xml version="1.0" encoding="UTF-8"?>
<!-- Generated by org.testng.reporters.JUnitXMLReporter -->
<testsuite hostname="SA-LT-1107" name="Test" tests="2" failures="1" timestamp="2 Sep 2017 05:46:00 GMT" time="26.817" errors="0">
  <testcase name="paytmTestcase" time="12.958" classname="org.paytm.PaytmDemo"/>
  <testcase name="vodafoneRechargeTestcase" time="26.761" classname="org.paytm.PaytmDemo">
    <failure type="org.openqa.selenium.WebDriverException" message="unknown error: Element &amp;lt;a href=&amp;quot;javascript:;&amp;quot; class=&amp;quot;purpleBtn addTo2&amp;quot; onclick=&amp;quot;trackRechargeOnlinePage(&amp;apos;rv&amp;apos;,&amp;apos;100.0 - Add to Cart - mah&amp;apos;);
		                
		                addItemToCart1(&amp;apos;sku9283188&amp;apos;,&amp;apos;prod7863189&amp;apos;,&amp;apos;mah&amp;apos;,&amp;apos;9764326834&amp;apos;); 
		                setSessionVal(&amp;apos;prod7863189&amp;apos;);
		                utag.link({&amp;apos;Custom_Links&amp;apos; : &amp;apos;Shop: Prepaid: Online Recharge: Buy Now&amp;apos;,&amp;apos;checkout_event&amp;apos; : &amp;apos;start&amp;apos;,&amp;apos;sales_products&amp;apos;:&amp;apos;;prod7863189;1;100&amp;apos;,&amp;apos;Product_Type&amp;apos; : &amp;apos;Recharge Packs&amp;apos;})&amp;quot;&amp;gt;...&amp;lt;/a&amp;gt; is not clickable at point (434, 557). Other element would receive the click: &amp;lt;div class=&amp;quot;rightArea&amp;quot;&amp;gt;...&amp;lt;/div&amp;gt;
  (Session info: chrome=60.0.3112.113)
  (Driver info: chromedriver=2.31.488763 (092de99f48a300323ecf8c2a4e2e7cab51de5ba8),platform=Windows NT 6.3.9600 x86_64) (WARNING: The server did not provide any stacktrace information)
Command duration or timeout: 0 milliseconds
Build info: version: &amp;apos;unknown&amp;apos;, revision: &amp;apos;unknown&amp;apos;, time: &amp;apos;unknown&amp;apos;
System info: host: &amp;apos;SA-LT-1107&amp;apos;, ip: &amp;apos;192.168.1.102&amp;apos;, os.name: &amp;apos;Windows 8.1&amp;apos;, os.arch: &amp;apos;amd64&amp;apos;, os.version: &amp;apos;6.3&amp;apos;, java.version: &amp;apos;1.8.0_51&amp;apos;
Driver info: org.openqa.selenium.chrome.ChromeDriver
Capabilities [{applicationCacheEnabled=false, rotatable=false, mobileEmulationEnabled=false, networkConnectionEnabled=false, chrome={chromedriverVersion=2.31.488763 (092de99f48a300323ecf8c2a4e2e7cab51de5ba8), userDataDir=C:\Users\User1\AppData\Local\Temp\scoped_dir7140_25412}, takesHeapSnapshot=true, pageLoadStrategy=normal, unhandledPromptBehavior=, databaseEnabled=false, handlesAlerts=true, hasTouchScreen=false, version=60.0.3112.113, platform=WIN8_1, browserConnectionEnabled=false, nativeEvents=true, acceptSslCerts=true, locationContextEnabled=true, webStorageEnabled=true, browserName=chrome, takesScreenshot=true, javascriptEnabled=true, cssSelectorsEnabled=true, setWindowRect=true, unexpectedAlertBehaviour=}]
Session ID: af5c9362b7cb61b05cbb06f1c8a06928">
      <![CDATA[org.openqa.selenium.WebDriverException: unknown error: Element <a href="javascript:;" class="purpleBtn addTo2" onclick="trackRechargeOnlinePage('rv','100.0 - Add to Cart - mah');
		                
		                addItemToCart1('sku9283188','prod7863189','mah','9764326834'); 
		                setSessionVal('prod7863189');
		                utag.link({'Custom_Links' : 'Shop: Prepaid: Online Recharge: Buy Now','checkout_event' : 'start','sales_products':';prod7863189;1;100','Product_Type' : 'Recharge Packs'})">...</a> is not clickable at point (434, 557). Other element would receive the click: <div class="rightArea">...</div>
  (Session info: chrome=60.0.3112.113)
  (Driver info: chromedriver=2.31.488763 (092de99f48a300323ecf8c2a4e2e7cab51de5ba8),platform=Windows NT 6.3.9600 x86_64) (WARNING: The server did not provide any stacktrace information)
Command duration or timeout: 0 milliseconds
Build info: version: 'unknown', revision: 'unknown', time: 'unknown'
System info: host: 'SA-LT-1107', ip: '192.168.1.102', os.name: 'Windows 8.1', os.arch: 'amd64', os.version: '6.3', java.version: '1.8.0_51'
Driver info: org.openqa.selenium.chrome.ChromeDriver
Capabilities [{applicationCacheEnabled=false, rotatable=false, mobileEmulationEnabled=false, networkConnectionEnabled=false, chrome={chromedriverVersion=2.31.488763 (092de99f48a300323ecf8c2a4e2e7cab51de5ba8), userDataDir=C:\Users\User1\AppData\Local\Temp\scoped_dir7140_25412}, takesHeapSnapshot=true, pageLoadStrategy=normal, unhandledPromptBehavior=, databaseEnabled=false, handlesAlerts=true, hasTouchScreen=false, version=60.0.3112.113, platform=WIN8_1, browserConnectionEnabled=false, nativeEvents=true, acceptSslCerts=true, locationContextEnabled=true, webStorageEnabled=true, browserName=chrome, takesScreenshot=true, javascriptEnabled=true, cssSelectorsEnabled=true, setWindowRect=true, unexpectedAlertBehaviour=}]
Session ID: af5c9362b7cb61b05cbb06f1c8a06928
	at org.openqa.selenium.remote.ErrorHandler.createThrowable(ErrorHandler.java:215)
	at org.openqa.selenium.remote.ErrorHandler.throwIfResponseFailed(ErrorHandler.java:167)
	at org.openqa.selenium.remote.http.JsonHttpResponseCodec.reconstructValue(JsonHttpResponseCodec.java:40)
	at org.openqa.selenium.remote.http.AbstractHttpResponseCodec.decode(AbstractHttpResponseCodec.java:82)
	at org.openqa.selenium.remote.http.AbstractHttpResponseCodec.decode(AbstractHttpResponseCodec.java:45)
	at org.openqa.selenium.remote.HttpCommandExecutor.execute(HttpCommandExecutor.java:164)
	at org.openqa.selenium.remote.service.DriverCommandExecutor.execute(DriverCommandExecutor.java:82)
	at org.openqa.selenium.remote.RemoteWebDriver.execute(RemoteWebDriver.java:641)
	at org.openqa.selenium.remote.RemoteWebElement.execute(RemoteWebElement.java:275)
	at org.openqa.selenium.remote.RemoteWebElement.click(RemoteWebElement.java:82)
	at org.paytm.PaytmDemo.vodafoneRechargeTestcase(PaytmDemo.java:37)
	at java.util.concurrent.ThreadPoolExecutor.runWorker(ThreadPoolExecutor.java:1142)
	at java.util.concurrent.ThreadPoolExecutor$Worker.run(ThreadPoolExecutor.java:617)
	at java.lang.Thread.run(Thread.java:745)
... Removed 14 stack frames]]>
    </failure>
  </testcase> <!-- vodafoneRechargeTestcase -->
</testsuite> <!-- Test -->
